Sender: LSF System <lsfadmin@cudanode>
Subject: Job 18362: <#!/bin/bash;#BSUB -q gpu;#BSUB -o %J.out;#BSUB -e %J.err; /app/python3/bin/python3 09.rf_model_img_only.py> in cluster <auzorrocluster> Done

Job <#!/bin/bash;#BSUB -q gpu;#BSUB -o %J.out;#BSUB -e %J.err; /app/python3/bin/python3 09.rf_model_img_only.py> was submitted from host <zorro> by user <yc6705a> in cluster <auzorrocluster> at Wed Dec  8 10:37:24 2021
Job was executed on host(s) <cudanode>, in queue <gpu>, as user <yc6705a> in cluster <auzorrocluster> at Wed Dec  8 10:37:24 2021
</home/yc6705a> was used as the home directory.
</home/yc6705a/ADVML> was used as the working directory.
Started at Wed Dec  8 10:37:24 2021
Terminated at Wed Dec  8 12:38:19 2021
Results reported at Wed Dec  8 12:38:19 2021

Your job looked like:

------------------------------------------------------------
# LSBATCH: User input
#!/bin/bash
#BSUB -q gpu
#BSUB -o %J.out
#BSUB -e %J.err

/app/python3/bin/python3 09.rf_model_img_only.py

------------------------------------------------------------

Successfully completed.

Resource usage summary:

    CPU time :                                   7254.49 sec.
    Max Memory :                                 2684 MB
    Average Memory :                             2597.69 MB
    Total Requested Memory :                     -
    Delta Memory :                               -
    Max Swap :                                   -
    Max Processes :                              5
    Max Threads :                                29
    Run time :                                   7255 sec.
    Turnaround time :                            7255 sec.

The output (if any) follows:

data dim: (19470, 12288)
{'max_depth': 100, 'n_estimators': 500}
Best Model: RandomForestClassifier(max_depth=100, n_estimators=500, random_state=42)
--- 7239.877437114716 seconds ---
----------Confusion Matrix----------------
[[1838   80]
 [  44 1932]]
----------Accuracy Score----------------
0.9681561376476631
------------Classification Report----------
              precision    recall  f1-score   support

        fake       0.98      0.96      0.97      1918
        real       0.96      0.98      0.97      1976

    accuracy                           0.97      3894
   macro avg       0.97      0.97      0.97      3894
weighted avg       0.97      0.97      0.97      3894



PS:

Read file <18362.err> for stderr output of this job.

